<?xml version="1.0" encoding="UTF-8"?>
<testsuite name="edu.drexel.se320.MockTests" tests="18" skipped="0" failures="0" errors="0" timestamp="2025-11-12T06:27:48.954Z" hostname="SAMIIWORKAHOLIC" time="0.537">
  <properties/>
  <testcase name="testIOExceptionDuringRead()" classname="edu.drexel.se320.MockTests" time="0.439"/>
  <testcase name="testnullReadSkipped()" classname="edu.drexel.se320.MockTests" time="0.005"/>
  <testcase name="testIOExceptionDuringConnect()" classname="edu.drexel.se320.MockTests" time="0.0"/>
  <testcase name="testNoReadsOrCloseWhenConnectFails()" classname="edu.drexel.se320.MockTests" time="0.006"/>
  <testcase name="testIOExceptionDuringClose()" classname="edu.drexel.se320.MockTests" time="0.002"/>
  <testcase name="testNullFileThrowsException()" classname="edu.drexel.se320.MockTests" time="0.001"/>
  <testcase name="testNoReadsWhenRequestDenied()" classname="edu.drexel.se320.MockTests" time="0.002"/>
  <testcase name="testMockDemo()" classname="edu.drexel.se320.MockTests" time="0.071"/>
  <testcase name="testServerConnectionFailureGivesNull()" classname="edu.drexel.se320.MockTests" time="0.001"/>
  <testcase name="testInteractionOrder()" classname="edu.drexel.se320.MockTests" time="0.001"/>
  <testcase name="testCloseConnectionAlwaysCalledOnValidFIle()" classname="edu.drexel.se320.MockTests" time="0.0"/>
  <testcase name="testNullServerThrowsException()" classname="edu.drexel.se320.MockTests" time="0.0"/>
  <testcase name="testInvalidFileReturnsNull()" classname="edu.drexel.se320.MockTests" time="0.001"/>
  <testcase name="testSuccessfulDownload()" classname="edu.drexel.se320.MockTests" time="0.001"/>
  <testcase name="testEmptyStringReadIsPreserved()" classname="edu.drexel.se320.MockTests" time="0.001"/>
  <testcase name="testNoReadOnInvalidFile()" classname="edu.drexel.se320.MockTests" time="0.001"/>
  <testcase name="testEmptyFileStillClosesConnection()" classname="edu.drexel.se320.MockTests" time="0.001"/>
  <testcase name="testMultipleReadsConcatenated()" classname="edu.drexel.se320.MockTests" time="0.0"/>
  <system-out><![CDATA[]]></system-out>
  <system-err><![CDATA[Mockito is currently self-attaching to enable the inline-mock-maker. This will no longer work in future releases of the JDK. Please add Mockito as an agent to your build as described in Mockito's documentation: https://javadoc.io/doc/org.mockito/mockito-core/latest/org.mockito/org/mockito/Mockito.html#0.3
WARNING: A Java agent has been loaded dynamically (C:\Users\sshab\.gradle\caches\modules-2\files-2.1\net.bytebuddy\byte-buddy-agent\1.17.7\fbf3d6d649ed37fc9e9c59480a05be0a26e3c2da\byte-buddy-agent-1.17.7.jar)
WARNING: If a serviceability tool is in use, please run with -XX:+EnableDynamicAgentLoading to hide this warning
WARNING: If a serviceability tool is not in use, please run with -Djdk.instrument.traceUsage for more information
WARNING: Dynamic loading of agents will be disallowed by default in a future release
]]></system-err>
</testsuite>
